<?xml version="1.0" encoding="UTF-8"?>
<!-- Generated by org.testng.reporters.JUnitReportReporter -->
<testsuite hostname="AartiRaj" failures="0" tests="1" name="testCases.TC_001_LoginPage_valid" time="9.835" errors="0" timestamp="2024-08-29T15:42:03 IST" skipped="0">
  <testcase classname="testCases.TC_001_LoginPage_valid" name="verifyLoginWithValidCredentials" time="9.835"/>
</testsuite> <!-- testCases.TC_001_LoginPage_valid -->
