<?xml version="1.0" encoding="UTF-8"?>
<!-- Generated by org.testng.reporters.JUnitReportReporter -->
<testsuite hostname="AartiRaj" failures="0" tests="1" name="testCases.TC_002_LoginPage_invalid" time="2.968" errors="0" timestamp="2024-08-29T15:42:03 IST" skipped="0">
  <testcase classname="testCases.TC_002_LoginPage_invalid" name="verifyLoginWithInvalidCred" time="2.968"/>
</testsuite> <!-- testCases.TC_002_LoginPage_invalid -->
